Determining if the pthread_create exist failed with the following output:
Change Dir: /home/sarah/cs184/final_proj/cmake-build-debug/CMakeFiles/CMakeTmp

Run Build Command:"/usr/bin/make" "cmTC_4d2ad/fast"
/usr/bin/make -f CMakeFiles/cmTC_4d2ad.dir/build.make CMakeFiles/cmTC_4d2ad.dir/build
make[1]: Entering directory '/home/sarah/cs184/final_proj/cmake-build-debug/CMakeFiles/CMakeTmp'
Building C object CMakeFiles/cmTC_4d2ad.dir/CheckSymbolExists.c.o
/usr/bin/cc     -o CMakeFiles/cmTC_4d2ad.dir/CheckSymbolExists.c.o   -c /home/sarah/cs184/final_proj/cmake-build-debug/CMakeFiles/CMakeTmp/CheckSymbolExists.c
Linking C executable cmTC_4d2ad
/home/sarah/Downloads/clion-2016.3.2/bin/cmake/bin/cmake -E cmake_link_script CMakeFiles/cmTC_4d2ad.dir/link.txt --verbose=1
/usr/bin/cc       CMakeFiles/cmTC_4d2ad.dir/CheckSymbolExists.c.o  -o cmTC_4d2ad -rdynamic 
CMakeFiles/cmTC_4d2ad.dir/CheckSymbolExists.c.o: In function `main':
CheckSymbolExists.c:(.text+0x16): undefined reference to `pthread_create'
collect2: error: ld returned 1 exit status
CMakeFiles/cmTC_4d2ad.dir/build.make:97: recipe for target 'cmTC_4d2ad' failed
make[1]: *** [cmTC_4d2ad] Error 1
make[1]: Leaving directory '/home/sarah/cs184/final_proj/cmake-build-debug/CMakeFiles/CMakeTmp'
Makefile:126: recipe for target 'cmTC_4d2ad/fast' failed
make: *** [cmTC_4d2ad/fast] Error 2

File /home/sarah/cs184/final_proj/cmake-build-debug/CMakeFiles/CMakeTmp/CheckSymbolExists.c:
/* */
#include <pthread.h>

int main(int argc, char** argv)
{
  (void)argv;
#ifndef pthread_create
  return ((int*)(&pthread_create))[argc];
#else
  (void)argc;
  return 0;
#endif
}

Determining if the function pthread_create exists in the pthreads failed with the following output:
Change Dir: /home/sarah/cs184/final_proj/cmake-build-debug/CMakeFiles/CMakeTmp

Run Build Command:"/usr/bin/make" "cmTC_f07bc/fast"
/usr/bin/make -f CMakeFiles/cmTC_f07bc.dir/build.make CMakeFiles/cmTC_f07bc.dir/build
make[1]: Entering directory '/home/sarah/cs184/final_proj/cmake-build-debug/CMakeFiles/CMakeTmp'
Building C object CMakeFiles/cmTC_f07bc.dir/CheckFunctionExists.c.o
/usr/bin/cc    -DCHECK_FUNCTION_EXISTS=pthread_create   -o CMakeFiles/cmTC_f07bc.dir/CheckFunctionExists.c.o   -c /home/sarah/Downloads/clion-2016.3.2/bin/cmake/share/cmake-3.7/Modules/CheckFunctionExists.c
Linking C executable cmTC_f07bc
/home/sarah/Downloads/clion-2016.3.2/bin/cmake/bin/cmake -E cmake_link_script CMakeFiles/cmTC_f07bc.dir/link.txt --verbose=1
/usr/bin/cc   -DCHECK_FUNCTION_EXISTS=pthread_create    CMakeFiles/cmTC_f07bc.dir/CheckFunctionExists.c.o  -o cmTC_f07bc -rdynamic -lpthreads 
/usr/bin/ld: cannot find -lpthreads
collect2: error: ld returned 1 exit status
CMakeFiles/cmTC_f07bc.dir/build.make:97: recipe for target 'cmTC_f07bc' failed
make[1]: *** [cmTC_f07bc] Error 1
make[1]: Leaving directory '/home/sarah/cs184/final_proj/cmake-build-debug/CMakeFiles/CMakeTmp'
Makefile:126: recipe for target 'cmTC_f07bc/fast' failed
make: *** [cmTC_f07bc/fast] Error 2


Determining if the function glXGetProcAddressEXT exists failed with the following output:
Change Dir: /home/sarah/cs184/final_proj/cmake-build-debug/CMakeFiles/CMakeTmp

Run Build Command:"/usr/bin/make" "cmTC_3d441/fast"
/usr/bin/make -f CMakeFiles/cmTC_3d441.dir/build.make CMakeFiles/cmTC_3d441.dir/build
make[1]: Entering directory '/home/sarah/cs184/final_proj/cmake-build-debug/CMakeFiles/CMakeTmp'
Building C object CMakeFiles/cmTC_3d441.dir/CheckFunctionExists.c.o
/usr/bin/cc    -DCHECK_FUNCTION_EXISTS=glXGetProcAddressEXT   -o CMakeFiles/cmTC_3d441.dir/CheckFunctionExists.c.o   -c /home/sarah/Downloads/clion-2016.3.2/bin/cmake/share/cmake-3.7/Modules/CheckFunctionExists.c
Linking C executable cmTC_3d441
/home/sarah/Downloads/clion-2016.3.2/bin/cmake/bin/cmake -E cmake_link_script CMakeFiles/cmTC_3d441.dir/link.txt --verbose=1
/usr/bin/cc   -DCHECK_FUNCTION_EXISTS=glXGetProcAddressEXT    CMakeFiles/cmTC_3d441.dir/CheckFunctionExists.c.o  -o cmTC_3d441 -rdynamic /usr/lib/x86_64-linux-gnu/libGL.so 
CMakeFiles/cmTC_3d441.dir/CheckFunctionExists.c.o: In function `main':
CheckFunctionExists.c:(.text+0x15): undefined reference to `glXGetProcAddressEXT'
collect2: error: ld returned 1 exit status
CMakeFiles/cmTC_3d441.dir/build.make:98: recipe for target 'cmTC_3d441' failed
make[1]: *** [cmTC_3d441] Error 1
make[1]: Leaving directory '/home/sarah/cs184/final_proj/cmake-build-debug/CMakeFiles/CMakeTmp'
Makefile:126: recipe for target 'cmTC_3d441/fast' failed
make: *** [cmTC_3d441/fast] Error 2


